0 info it worked if it ends with ok
1 verbose cli [ '/Users/alpha.shuro/.nvm/versions/node/v4.4.4/bin/node',
1 verbose cli   '/Users/alpha.shuro/.nvm/versions/node/v4.4.4/bin/npm',
1 verbose cli   'publish' ]
2 info using npm@2.15.1
3 info using node@v4.4.4
4 verbose publish [ '.' ]
5 silly cache add args [ '.', null ]
6 verbose cache add spec .
7 silly cache add parsed spec Result {
7 silly cache add   raw: '.',
7 silly cache add   scope: null,
7 silly cache add   name: null,
7 silly cache add   rawSpec: '.',
7 silly cache add   spec: '/Users/alpha.shuro/Developer/self/check-props',
7 silly cache add   type: 'directory' }
8 verbose addLocalDirectory /Users/alpha.shuro/.npm/check-props/1.0.0/package.tgz not in flight; packing
9 verbose correctMkdir /Users/alpha.shuro/.npm correctMkdir not in flight; initializing
10 verbose tar pack [ '/Users/alpha.shuro/.npm/check-props/1.0.0/package.tgz',
10 verbose tar pack   '/Users/alpha.shuro/Developer/self/check-props' ]
11 verbose tarball /Users/alpha.shuro/.npm/check-props/1.0.0/package.tgz
12 verbose folder /Users/alpha.shuro/Developer/self/check-props
13 info prepublish check-props@1.0.0
14 verbose addLocalTarball adding from inside cache /Users/alpha.shuro/.npm/check-props/1.0.0/package.tgz
15 verbose correctMkdir /Users/alpha.shuro/.npm correctMkdir not in flight; initializing
16 silly cache afterAdd check-props@1.0.0
17 verbose afterAdd /Users/alpha.shuro/.npm/check-props/1.0.0/package/package.json not in flight; writing
18 verbose correctMkdir /Users/alpha.shuro/.npm correctMkdir not in flight; initializing
19 verbose afterAdd /Users/alpha.shuro/.npm/check-props/1.0.0/package/package.json written
20 silly publish { name: 'check-props',
20 silly publish   version: '1.0.0',
20 silly publish   description: 'Check the existence and types of object properties.',
20 silly publish   main: 'index.js',
20 silly publish   scripts: { test: 'node test.js' },
20 silly publish   keywords: [ 'check' ],
20 silly publish   author: { name: 'Alpha Shuro', email: 'me@alphashuro.com' },
20 silly publish   license: 'ISC',
20 silly publish   gitHead: '71fe84147c958ce6b7c1a3ed9b0d3260383510e8',
20 silly publish   readme: 'ERROR: No README data found!',
20 silly publish   _id: 'check-props@1.0.0',
20 silly publish   _shasum: 'cc40f9e2b1c8d8ca31ac537b8bb37f3dfc0eb4f7',
20 silly publish   _from: '.' }
21 verbose getPublishConfig undefined
22 silly mapToRegistry name check-props
23 silly mapToRegistry using default registry
24 silly mapToRegistry registry https://registry.npmjs.org/
25 silly mapToRegistry data Result {
25 silly mapToRegistry   raw: 'check-props',
25 silly mapToRegistry   scope: null,
25 silly mapToRegistry   name: 'check-props',
25 silly mapToRegistry   rawSpec: '',
25 silly mapToRegistry   spec: 'latest',
25 silly mapToRegistry   type: 'tag' }
26 silly mapToRegistry uri https://registry.npmjs.org/check-props
27 verbose publish registryBase https://registry.npmjs.org/
28 silly publish uploading /Users/alpha.shuro/.npm/check-props/1.0.0/package.tgz
29 verbose request uri https://registry.npmjs.org/check-props
30 verbose request sending authorization for write operation
31 info attempt registry request try #1 at 10:20:32 PM
32 verbose request using bearer token for auth
33 verbose request id 3bfc7881fb791550
34 http request PUT https://registry.npmjs.org/check-props
35 http 403 https://registry.npmjs.org/check-props
36 verbose headers { 'content-type': 'application/json',
36 verbose headers   'cache-control': 'max-age=300',
36 verbose headers   'content-length': '95',
36 verbose headers   'accept-ranges': 'bytes',
36 verbose headers   date: 'Wed, 20 Jul 2016 20:20:34 GMT',
36 verbose headers   via: '1.1 varnish',
36 verbose headers   connection: 'keep-alive',
36 verbose headers   'x-served-by': 'cache-lcy1122-LCY',
36 verbose headers   'x-cache': 'MISS',
36 verbose headers   'x-cache-hits': '0',
36 verbose headers   'x-timer': 'S1469046033.474588,VS0,VE834',
36 verbose headers   vary: 'Accept-Encoding' }
37 verbose request invalidating /Users/alpha.shuro/.npm/registry.npmjs.org/check-props on PUT
38 error publish Failed PUT 403
39 verbose stack Error: "You cannot publish over the previously published version 1.0.0." : check-props
39 verbose stack     at makeError (/Users/alpha.shuro/.nvm/versions/node/v4.4.4/lib/node_modules/npm/node_modules/npm-registry-client/lib/request.js:264:12)
39 verbose stack     at CachingRegistryClient.<anonymous> (/Users/alpha.shuro/.nvm/versions/node/v4.4.4/lib/node_modules/npm/node_modules/npm-registry-client/lib/request.js:252:14)
39 verbose stack     at Request._callback (/Users/alpha.shuro/.nvm/versions/node/v4.4.4/lib/node_modules/npm/node_modules/npm-registry-client/lib/request.js:172:14)
39 verbose stack     at Request.self.callback (/Users/alpha.shuro/.nvm/versions/node/v4.4.4/lib/node_modules/npm/node_modules/request/request.js:199:22)
39 verbose stack     at emitTwo (events.js:87:13)
39 verbose stack     at Request.emit (events.js:172:7)
39 verbose stack     at Request.<anonymous> (/Users/alpha.shuro/.nvm/versions/node/v4.4.4/lib/node_modules/npm/node_modules/request/request.js:1036:10)
39 verbose stack     at emitOne (events.js:82:20)
39 verbose stack     at Request.emit (events.js:169:7)
39 verbose stack     at IncomingMessage.<anonymous> (/Users/alpha.shuro/.nvm/versions/node/v4.4.4/lib/node_modules/npm/node_modules/request/request.js:963:12)
40 verbose statusCode 403
41 verbose pkgid check-props
42 verbose cwd /Users/alpha.shuro/Developer/self/check-props
43 error Darwin 15.5.0
44 error argv "/Users/alpha.shuro/.nvm/versions/node/v4.4.4/bin/node" "/Users/alpha.shuro/.nvm/versions/node/v4.4.4/bin/npm" "publish"
45 error node v4.4.4
46 error npm  v2.15.1
47 error code E403
48 error "You cannot publish over the previously published version 1.0.0." : check-props
49 error If you need help, you may report this error at:
49 error     <https://github.com/npm/npm/issues>
50 verbose exit [ 1, true ]
